Flow report for FPGA_Main
Sun Feb 17 22:52:59 2019
Quartus II Version 9.1 Build 350 03/24/2010 Service Pack 2 SJ Web Edition


---------------------
; Table of Contents ;
---------------------
  1. Legal Notice
  2. Flow Summary
  3. Flow Settings
  4. Flow Non-Default Global Settings
  5. Flow Elapsed Time
  6. Flow OS Summary
  7. Flow Log



----------------
; Legal Notice ;
----------------
Copyright (C) 1991-2010 Altera Corporation
Your use of Altera Corporation's design tools, logic functions 
and other software and tools, and its AMPP partner logic 
functions, and any output files from any of the foregoing 
(including device programming or simulation files), and any 
associated documentation or information are expressly subject 
to the terms and conditions of the Altera Program License 
Subscription Agreement, Altera MegaCore Function License 
Agreement, or other applicable license agreement, including, 
without limitation, that your use is for the sole purpose of 
programming logic devices manufactured by Altera and sold by 
Altera or its authorized distributors.  Please refer to the 
applicable agreement for further details.



+-----------------------------------------------------------------------------------+
; Flow Summary                                                                      ;
+------------------------------------+----------------------------------------------+
; Flow Status                        ; Successful - Sun Feb 17 22:52:59 2019        ;
; Quartus II Version                 ; 9.1 Build 350 03/24/2010 SP 2 SJ Web Edition ;
; Revision Name                      ; FPGA_Main                                    ;
; Top-level Entity Name              ; FPGA_Main                                    ;
; Family                             ; Cyclone II                                   ;
; Device                             ; EP2C20F484C7                                 ;
; Timing Models                      ; Final                                        ;
; Met timing requirements            ; No                                           ;
; Total logic elements               ; 142 / 18,752 ( < 1 % )                       ;
;     Total combinational functions  ; 139 / 18,752 ( < 1 % )                       ;
;     Dedicated logic registers      ; 74 / 18,752 ( < 1 % )                        ;
; Total registers                    ; 74                                           ;
; Total pins                         ; 20 / 315 ( 6 % )                             ;
; Total virtual pins                 ; 0                                            ;
; Total memory bits                  ; 0 / 239,616 ( 0 % )                          ;
; Embedded Multiplier 9-bit elements ; 0 / 52 ( 0 % )                               ;
; Total PLLs                         ; 0 / 4 ( 0 % )                                ;
+------------------------------------+----------------------------------------------+


+-----------------------------------------+
; Flow Settings                           ;
+-------------------+---------------------+
; Option            ; Setting             ;
+-------------------+---------------------+
; Start date & time ; 02/17/2019 22:52:52 ;
; Main task         ; Compilation         ;
; Revision Name     ; FPGA_Main           ;
+-------------------+---------------------+


+------------------------------------------------------------------------------------------------------------------------------------------------------------------------------------------+
; Flow Non-Default Global Settings                                                                                                                                                         ;
+------------------------------------+------------------------------------------------------------------------------------------------------+---------------+-------------+----------------+
; Assignment Name                    ; Value                                                                                                ; Default Value ; Entity Name ; Section Id     ;
+------------------------------------+------------------------------------------------------------------------------------------------------+---------------+-------------+----------------+
; COMPILER_SIGNATURE_ID              ; 163683361877252.155044397208928                                                                      ; --            ; --          ; --             ;
; MAX_CORE_JUNCTION_TEMP             ; 85                                                                                                   ; --            ; --          ; --             ;
; MIN_CORE_JUNCTION_TEMP             ; 0                                                                                                    ; --            ; --          ; --             ;
; MISC_FILE                          ; E:/My Stuff/University/Year 3/Robotics Project/GitHub Repos/FPGA-Servo-Control/Verilog/FPGA_Main.dpf ; --            ; --          ; --             ;
; PARTITION_COLOR                    ; 16764057                                                                                             ; --            ; --          ; Top            ;
; PARTITION_NETLIST_TYPE             ; SOURCE                                                                                               ; --            ; --          ; Top            ;
; USE_GENERATED_PHYSICAL_CONSTRAINTS ; Off                                                                                                  ; --            ; --          ; eda_blast_fpga ;
+------------------------------------+------------------------------------------------------------------------------------------------------+---------------+-------------+----------------+


+-----------------------------------------------------------------------------------------------------------------------------+
; Flow Elapsed Time                                                                                                           ;
+-------------------------+--------------+-------------------------+---------------------+------------------------------------+
; Module Name             ; Elapsed Time ; Average Processors Used ; Peak Virtual Memory ; Total CPU Time (on all processors) ;
+-------------------------+--------------+-------------------------+---------------------+------------------------------------+
; Analysis & Synthesis    ; 00:00:01     ; 1.0                     ; 246 MB              ; 00:00:01                           ;
; Fitter                  ; 00:00:02     ; 1.0                     ; 278 MB              ; 00:00:03                           ;
; Assembler               ; 00:00:01     ; 1.0                     ; 249 MB              ; 00:00:01                           ;
; Classic Timing Analyzer ; 00:00:00     ; 1.0                     ; 182 MB              ; 00:00:00                           ;
; Total                   ; 00:00:04     ; --                      ; --                  ; 00:00:05                           ;
+-------------------------+--------------+-------------------------+---------------------+------------------------------------+


+------------------------------------------------------------------------------------------+
; Flow OS Summary                                                                          ;
+-------------------------+------------------+---------------+------------+----------------+
; Module Name             ; Machine Hostname ; OS Name       ; OS Version ; Processor type ;
+-------------------------+------------------+---------------+------------+----------------+
; Analysis & Synthesis    ; DeepThought      ; Windows Vista ; 6.2        ; x86_64         ;
; Fitter                  ; DeepThought      ; Windows Vista ; 6.2        ; x86_64         ;
; Assembler               ; DeepThought      ; Windows Vista ; 6.2        ; x86_64         ;
; Classic Timing Analyzer ; DeepThought      ; Windows Vista ; 6.2        ; x86_64         ;
+-------------------------+------------------+---------------+------------+----------------+


------------
; Flow Log ;
------------
quartus_map --read_settings_files=on --write_settings_files=off FPGA_Main -c FPGA_Main
quartus_fit --read_settings_files=off --write_settings_files=off FPGA_Main -c FPGA_Main
quartus_asm --read_settings_files=off --write_settings_files=off FPGA_Main -c FPGA_Main
quartus_tan --read_settings_files=off --write_settings_files=off FPGA_Main -c FPGA_Main --timing_analysis_only



