Analysis & Synthesis report for FPGA_Main
Sun Feb 17 22:52:53 2019
Quartus II Version 9.1 Build 350 03/24/2010 Service Pack 2 SJ Web Edition


---------------------
; Table of Contents ;
---------------------
  1. Legal Notice
  2. Analysis & Synthesis Summary
  3. Analysis & Synthesis Settings
  4. Parallel Compilation
  5. Analysis & Synthesis Source Files Read
  6. Analysis & Synthesis Resource Usage Summary
  7. Analysis & Synthesis Resource Utilization by Entity
  8. Registers Removed During Synthesis
  9. General Register Statistics
 10. Multiplexer Restructuring Statistics (Restructuring Performed)
 11. Parameter Settings for Inferred Entity Instance: Servo_Driver:turntable|lpm_mult:Mult0
 12. lpm_mult Parameter Settings by Entity Instance
 13. Analysis & Synthesis Messages



----------------
; Legal Notice ;
----------------
Copyright (C) 1991-2010 Altera Corporation
Your use of Altera Corporation's design tools, logic functions 
and other software and tools, and its AMPP partner logic 
functions, and any output files from any of the foregoing 
(including device programming or simulation files), and any 
associated documentation or information are expressly subject 
to the terms and conditions of the Altera Program License 
Subscription Agreement, Altera MegaCore Function License 
Agreement, or other applicable license agreement, including, 
without limitation, that your use is for the sole purpose of 
programming logic devices manufactured by Altera and sold by 
Altera or its authorized distributors.  Please refer to the 
applicable agreement for further details.



+-----------------------------------------------------------------------------------+
; Analysis & Synthesis Summary                                                      ;
+------------------------------------+----------------------------------------------+
; Analysis & Synthesis Status        ; Successful - Sun Feb 17 22:52:53 2019        ;
; Quartus II Version                 ; 9.1 Build 350 03/24/2010 SP 2 SJ Web Edition ;
; Revision Name                      ; FPGA_Main                                    ;
; Top-level Entity Name              ; FPGA_Main                                    ;
; Family                             ; Cyclone II                                   ;
; Total logic elements               ; 150                                          ;
;     Total combinational functions  ; 139                                          ;
;     Dedicated logic registers      ; 74                                           ;
; Total registers                    ; 74                                           ;
; Total pins                         ; 20                                           ;
; Total virtual pins                 ; 0                                            ;
; Total memory bits                  ; 0                                            ;
; Embedded Multiplier 9-bit elements ; 0                                            ;
; Total PLLs                         ; 0                                            ;
+------------------------------------+----------------------------------------------+


+----------------------------------------------------------------------------------------------------------------------+
; Analysis & Synthesis Settings                                                                                        ;
+----------------------------------------------------------------------------+--------------------+--------------------+
; Option                                                                     ; Setting            ; Default Value      ;
+----------------------------------------------------------------------------+--------------------+--------------------+
; Device                                                                     ; EP2C20F484C7       ;                    ;
; Top-level entity name                                                      ; FPGA_Main          ; FPGA_Main          ;
; Family name                                                                ; Cyclone II         ; Stratix II         ;
; Use Generated Physical Constraints File                                    ; Off                ;                    ;
; Use smart compilation                                                      ; Off                ; Off                ;
; Enable parallel Assembler and TimeQuest Timing Analyzer during compilation ; On                 ; On                 ;
; Enable compact report table                                                ; Off                ; Off                ;
; Restructure Multiplexers                                                   ; Auto               ; Auto               ;
; Create Debugging Nodes for IP Cores                                        ; Off                ; Off                ;
; Preserve fewer node names                                                  ; On                 ; On                 ;
; Disable OpenCore Plus hardware evaluation                                  ; Off                ; Off                ;
; Verilog Version                                                            ; Verilog_2001       ; Verilog_2001       ;
; VHDL Version                                                               ; VHDL_1993          ; VHDL_1993          ;
; State Machine Processing                                                   ; Auto               ; Auto               ;
; Safe State Machine                                                         ; Off                ; Off                ;
; Extract Verilog State Machines                                             ; On                 ; On                 ;
; Extract VHDL State Machines                                                ; On                 ; On                 ;
; Ignore Verilog initial constructs                                          ; Off                ; Off                ;
; Iteration limit for constant Verilog loops                                 ; 5000               ; 5000               ;
; Iteration limit for non-constant Verilog loops                             ; 250                ; 250                ;
; Add Pass-Through Logic to Inferred RAMs                                    ; On                 ; On                 ;
; Parallel Synthesis                                                         ; On                 ; On                 ;
; DSP Block Balancing                                                        ; Auto               ; Auto               ;
; NOT Gate Push-Back                                                         ; On                 ; On                 ;
; Power-Up Don't Care                                                        ; On                 ; On                 ;
; Remove Redundant Logic Cells                                               ; Off                ; Off                ;
; Remove Duplicate Registers                                                 ; On                 ; On                 ;
; Ignore CARRY Buffers                                                       ; Off                ; Off                ;
; Ignore CASCADE Buffers                                                     ; Off                ; Off                ;
; Ignore GLOBAL Buffers                                                      ; Off                ; Off                ;
; Ignore ROW GLOBAL Buffers                                                  ; Off                ; Off                ;
; Ignore LCELL Buffers                                                       ; Off                ; Off                ;
; Ignore SOFT Buffers                                                        ; On                 ; On                 ;
; Limit AHDL Integers to 32 Bits                                             ; Off                ; Off                ;
; Optimization Technique                                                     ; Balanced           ; Balanced           ;
; Carry Chain Length                                                         ; 70                 ; 70                 ;
; Auto Carry Chains                                                          ; On                 ; On                 ;
; Auto Open-Drain Pins                                                       ; On                 ; On                 ;
; Perform WYSIWYG Primitive Resynthesis                                      ; Off                ; Off                ;
; Auto ROM Replacement                                                       ; On                 ; On                 ;
; Auto RAM Replacement                                                       ; On                 ; On                 ;
; Auto Shift Register Replacement                                            ; Auto               ; Auto               ;
; Auto Clock Enable Replacement                                              ; On                 ; On                 ;
; Strict RAM Replacement                                                     ; Off                ; Off                ;
; Allow Synchronous Control Signals                                          ; On                 ; On                 ;
; Force Use of Synchronous Clear Signals                                     ; Off                ; Off                ;
; Auto RAM to Logic Cell Conversion                                          ; Off                ; Off                ;
; Auto Resource Sharing                                                      ; Off                ; Off                ;
; Allow Any RAM Size For Recognition                                         ; Off                ; Off                ;
; Allow Any ROM Size For Recognition                                         ; Off                ; Off                ;
; Allow Any Shift Register Size For Recognition                              ; Off                ; Off                ;
; Use LogicLock Constraints during Resource Balancing                        ; On                 ; On                 ;
; Ignore translate_off and synthesis_off directives                          ; Off                ; Off                ;
; Timing-Driven Synthesis                                                    ; Off                ; Off                ;
; Show Parameter Settings Tables in Synthesis Report                         ; On                 ; On                 ;
; Ignore Maximum Fan-Out Assignments                                         ; Off                ; Off                ;
; Synchronization Register Chain Length                                      ; 2                  ; 2                  ;
; PowerPlay Power Optimization                                               ; Normal compilation ; Normal compilation ;
; HDL message level                                                          ; Level2             ; Level2             ;
; Suppress Register Optimization Related Messages                            ; Off                ; Off                ;
; Number of Removed Registers Reported in Synthesis Report                   ; 5000               ; 5000               ;
; Number of Inverted Registers Reported in Synthesis Report                  ; 100                ; 100                ;
; Clock MUX Protection                                                       ; On                 ; On                 ;
; Auto Gated Clock Conversion                                                ; Off                ; Off                ;
; Block Design Naming                                                        ; Auto               ; Auto               ;
; SDC constraint protection                                                  ; Off                ; Off                ;
; Synthesis Effort                                                           ; Auto               ; Auto               ;
; Shift Register Replacement - Allow Asynchronous Clear Signal               ; On                 ; On                 ;
; Analysis & Synthesis Message Level                                         ; Medium             ; Medium             ;
; Disable Register Merging Across Hierarchies                                ; Auto               ; Auto               ;
; Resource Aware Inference For Block RAM                                     ; On                 ; On                 ;
+----------------------------------------------------------------------------+--------------------+--------------------+


Parallel compilation was disabled, but you have multiple processors available. Enable parallel compilation to reduce compilation time.
+-------------------------------------+
; Parallel Compilation                ;
+----------------------------+--------+
; Processors                 ; Number ;
+----------------------------+--------+
; Number detected on machine ; 4      ;
; Maximum allowed            ; 1      ;
+----------------------------+--------+


+-----------------------------------------------------------------------------------------------------------------------------------------------------------------------------------------------+
; Analysis & Synthesis Source Files Read                                                                                                                                                        ;
+----------------------------------+-----------------+------------------------------+-----------------------------------------------------------------------------------------------------------+
; File Name with User-Entered Path ; Used in Netlist ; File Type                    ; File Name with Absolute Path                                                                              ;
+----------------------------------+-----------------+------------------------------+-----------------------------------------------------------------------------------------------------------+
; Servo_Driver.v                   ; yes             ; User Verilog HDL File        ; E:/My Stuff/University/Year 3/Robotics Project/GitHub Repos/FPGA-Servo-Control/Verilog/Servo_Driver.v     ;
; Instruction_Set.v                ; yes             ; User Verilog HDL File        ; E:/My Stuff/University/Year 3/Robotics Project/GitHub Repos/FPGA-Servo-Control/Verilog/Instruction_Set.v  ;
; FPGA_Main.v                      ; yes             ; User Verilog HDL File        ; E:/My Stuff/University/Year 3/Robotics Project/GitHub Repos/FPGA-Servo-Control/Verilog/FPGA_Main.v        ;
; lpm_mult.tdf                     ; yes             ; Megafunction                 ; e:/altera/91sp2/quartus/libraries/megafunctions/lpm_mult.tdf                                              ;
; multcore.tdf                     ; yes             ; Megafunction                 ; e:/altera/91sp2/quartus/libraries/megafunctions/multcore.tdf                                              ;
; mpar_add.tdf                     ; yes             ; Megafunction                 ; e:/altera/91sp2/quartus/libraries/megafunctions/mpar_add.tdf                                              ;
; lpm_add_sub.tdf                  ; yes             ; Megafunction                 ; e:/altera/91sp2/quartus/libraries/megafunctions/lpm_add_sub.tdf                                           ;
; db/add_sub_4ch.tdf               ; yes             ; Auto-Generated Megafunction  ; E:/My Stuff/University/Year 3/Robotics Project/GitHub Repos/FPGA-Servo-Control/Verilog/db/add_sub_4ch.tdf ;
; altshift.tdf                     ; yes             ; Megafunction                 ; e:/altera/91sp2/quartus/libraries/megafunctions/altshift.tdf                                              ;
+----------------------------------+-----------------+------------------------------+-----------------------------------------------------------------------------------------------------------+


+-----------------------------------------------------+
; Analysis & Synthesis Resource Usage Summary         ;
+---------------------------------------------+-------+
; Resource                                    ; Usage ;
+---------------------------------------------+-------+
; Estimated Total logic elements              ; 150   ;
;                                             ;       ;
; Total combinational functions               ; 139   ;
; Logic element usage by number of LUT inputs ;       ;
;     -- 4 input functions                    ; 28    ;
;     -- 3 input functions                    ; 44    ;
;     -- <=2 input functions                  ; 67    ;
;                                             ;       ;
; Logic elements by mode                      ;       ;
;     -- normal mode                          ; 51    ;
;     -- arithmetic mode                      ; 88    ;
;                                             ;       ;
; Total registers                             ; 74    ;
;     -- Dedicated logic registers            ; 74    ;
;     -- I/O registers                        ; 0     ;
;                                             ;       ;
; I/O pins                                    ; 20    ;
; Maximum fan-out node                        ; clk   ;
; Maximum fan-out                             ; 44    ;
; Total fan-out                               ; 594   ;
; Average fan-out                             ; 2.55  ;
+---------------------------------------------+-------+


+-----------------------------------------------------------------------------------------------------------------------------------------------------------------------------------------------------------------------------------------------------------------------------------------------------------------+
; Analysis & Synthesis Resource Utilization by Entity                                                                                                                                                                                                                                                             ;
+------------------------------------------------+-------------------+--------------+-------------+--------------+---------+-----------+------+--------------+-------------------------------------------------------------------------------------------------------------------------------------+--------------+
; Compilation Hierarchy Node                     ; LC Combinationals ; LC Registers ; Memory Bits ; DSP Elements ; DSP 9x9 ; DSP 18x18 ; Pins ; Virtual Pins ; Full Hierarchy Name                                                                                                                 ; Library Name ;
+------------------------------------------------+-------------------+--------------+-------------+--------------+---------+-----------+------+--------------+-------------------------------------------------------------------------------------------------------------------------------------+--------------+
; |FPGA_Main                                     ; 139 (3)           ; 74 (2)       ; 0           ; 0            ; 0       ; 0         ; 20   ; 0            ; |FPGA_Main                                                                                                                          ; work         ;
;    |Instruction_Set:comb_3|                    ; 9 (9)             ; 16 (16)      ; 0           ; 0            ; 0       ; 0         ; 0    ; 0            ; |FPGA_Main|Instruction_Set:comb_3                                                                                                   ;              ;
;    |Servo_Driver:launcher|                     ; 61 (61)           ; 35 (35)      ; 0           ; 0            ; 0       ; 0         ; 0    ; 0            ; |FPGA_Main|Servo_Driver:launcher                                                                                                    ;              ;
;    |Servo_Driver:turntable|                    ; 66 (46)           ; 21 (21)      ; 0           ; 0            ; 0       ; 0         ; 0    ; 0            ; |FPGA_Main|Servo_Driver:turntable                                                                                                   ;              ;
;       |lpm_mult:Mult0|                         ; 20 (0)            ; 0 (0)        ; 0           ; 0            ; 0       ; 0         ; 0    ; 0            ; |FPGA_Main|Servo_Driver:turntable|lpm_mult:Mult0                                                                                    ;              ;
;          |multcore:mult_core|                  ; 20 (10)           ; 0 (0)        ; 0           ; 0            ; 0       ; 0         ; 0    ; 0            ; |FPGA_Main|Servo_Driver:turntable|lpm_mult:Mult0|multcore:mult_core                                                                 ;              ;
;             |mpar_add:padder|                  ; 10 (0)            ; 0 (0)        ; 0           ; 0            ; 0       ; 0         ; 0    ; 0            ; |FPGA_Main|Servo_Driver:turntable|lpm_mult:Mult0|multcore:mult_core|mpar_add:padder                                                 ;              ;
;                |lpm_add_sub:adder[0]|          ; 10 (0)            ; 0 (0)        ; 0           ; 0            ; 0       ; 0         ; 0    ; 0            ; |FPGA_Main|Servo_Driver:turntable|lpm_mult:Mult0|multcore:mult_core|mpar_add:padder|lpm_add_sub:adder[0]                            ;              ;
;                   |add_sub_4ch:auto_generated| ; 10 (10)           ; 0 (0)        ; 0           ; 0            ; 0       ; 0         ; 0    ; 0            ; |FPGA_Main|Servo_Driver:turntable|lpm_mult:Mult0|multcore:mult_core|mpar_add:padder|lpm_add_sub:adder[0]|add_sub_4ch:auto_generated ;              ;
+------------------------------------------------+-------------------+--------------+-------------+--------------+---------+-----------+------+--------------+-------------------------------------------------------------------------------------------------------------------------------------+--------------+
Note: For table entries with two numbers listed, the numbers in parentheses indicate the number of resources of the given type used by the specific entity alone. The numbers listed outside of parentheses indicate the total resources of the given type used by the specific entity and all of its sub-entities in the hierarchy.


+-----------------------------------------------------------------------------------------------+
; Registers Removed During Synthesis                                                            ;
+------------------------------------------+----------------------------------------------------+
; Register name                            ; Reason for Removal                                 ;
+------------------------------------------+----------------------------------------------------+
; Servo_Driver:turntable|pulse_length[0]   ; Merged with Servo_Driver:launcher|pulse_length[0]  ;
; Servo_Driver:turntable|pulse_length[1]   ; Merged with Servo_Driver:launcher|pulse_length[1]  ;
; Servo_Driver:turntable|pulse_length[2]   ; Merged with Servo_Driver:launcher|pulse_length[2]  ;
; Servo_Driver:turntable|pulse_length[3]   ; Merged with Servo_Driver:launcher|pulse_length[3]  ;
; Servo_Driver:turntable|pulse_length[4]   ; Merged with Servo_Driver:launcher|pulse_length[4]  ;
; Servo_Driver:turntable|pulse_length[5]   ; Merged with Servo_Driver:launcher|pulse_length[5]  ;
; Servo_Driver:turntable|pulse_length[6]   ; Merged with Servo_Driver:launcher|pulse_length[6]  ;
; Servo_Driver:turntable|pulse_length[7]   ; Merged with Servo_Driver:launcher|pulse_length[7]  ;
; Servo_Driver:turntable|pulse_length[8]   ; Merged with Servo_Driver:launcher|pulse_length[8]  ;
; Servo_Driver:turntable|pulse_length[9]   ; Merged with Servo_Driver:launcher|pulse_length[9]  ;
; Servo_Driver:turntable|pulse_length[10]  ; Merged with Servo_Driver:launcher|pulse_length[10] ;
; Servo_Driver:turntable|pulse_length[11]  ; Merged with Servo_Driver:launcher|pulse_length[11] ;
; Servo_Driver:turntable|pulse_length[12]  ; Merged with Servo_Driver:launcher|pulse_length[12] ;
; Servo_Driver:turntable|pulse_length[13]  ; Merged with Servo_Driver:launcher|pulse_length[13] ;
; Servo_Driver:turntable|pulse_length[14]  ; Merged with Servo_Driver:launcher|pulse_length[14] ;
; Servo_Driver:turntable|pulse_length[15]  ; Merged with Servo_Driver:launcher|pulse_length[15] ;
; Servo_Driver:turntable|pulse_length[16]  ; Merged with Servo_Driver:launcher|pulse_length[16] ;
; Servo_Driver:launcher|pulse_length[0..2] ; Stuck at GND due to stuck port data_in             ;
; Total Number of Removed Registers = 20   ;                                                    ;
+------------------------------------------+----------------------------------------------------+


+------------------------------------------------------+
; General Register Statistics                          ;
+----------------------------------------------+-------+
; Statistic                                    ; Value ;
+----------------------------------------------+-------+
; Total registers                              ; 74    ;
; Number of registers using Synchronous Clear  ; 40    ;
; Number of registers using Synchronous Load   ; 0     ;
; Number of registers using Asynchronous Clear ; 0     ;
; Number of registers using Asynchronous Load  ; 0     ;
; Number of registers using Clock Enable       ; 17    ;
; Number of registers using Preset             ; 0     ;
+----------------------------------------------+-------+


+----------------------------------------------------------------------------------------------------------------------------------------------------------------+
; Multiplexer Restructuring Statistics (Restructuring Performed)                                                                                                 ;
+--------------------+-----------+---------------+----------------------+------------------------+------------+--------------------------------------------------+
; Multiplexer Inputs ; Bus Width ; Baseline Area ; Area if Restructured ; Saving if Restructured ; Registered ; Example Multiplexer Output                       ;
+--------------------+-----------+---------------+----------------------+------------------------+------------+--------------------------------------------------+
; 3:1                ; 2 bits    ; 4 LEs         ; 2 LEs                ; 2 LEs                  ; Yes        ; |FPGA_Main|enableTurntable~reg0                  ;
; 3:1                ; 20 bits   ; 40 LEs        ; 20 LEs               ; 20 LEs                 ; Yes        ; |FPGA_Main|Servo_Driver:turntable|counter[18]    ;
; 3:1                ; 20 bits   ; 40 LEs        ; 20 LEs               ; 20 LEs                 ; Yes        ; |FPGA_Main|Servo_Driver:launcher|counter[19]     ;
; 4:1                ; 4 bits    ; 8 LEs         ; 4 LEs                ; 4 LEs                  ; Yes        ; |FPGA_Main|Instruction_Set:comb_3|pulse_count[3] ;
+--------------------+-----------+---------------+----------------------+------------------------+------------+--------------------------------------------------+


+----------------------------------------------------------------------------------------+
; Parameter Settings for Inferred Entity Instance: Servo_Driver:turntable|lpm_mult:Mult0 ;
+------------------------------------------------+------------+--------------------------+
; Parameter Name                                 ; Value      ; Type                     ;
+------------------------------------------------+------------+--------------------------+
; AUTO_CARRY_CHAINS                              ; ON         ; AUTO_CARRY               ;
; IGNORE_CARRY_BUFFERS                           ; OFF        ; IGNORE_CARRY             ;
; AUTO_CASCADE_CHAINS                            ; ON         ; AUTO_CASCADE             ;
; IGNORE_CASCADE_BUFFERS                         ; OFF        ; IGNORE_CASCADE           ;
; LPM_WIDTHA                                     ; 8          ; Untyped                  ;
; LPM_WIDTHB                                     ; 9          ; Untyped                  ;
; LPM_WIDTHP                                     ; 17         ; Untyped                  ;
; LPM_WIDTHR                                     ; 17         ; Untyped                  ;
; LPM_WIDTHS                                     ; 1          ; Untyped                  ;
; LPM_REPRESENTATION                             ; UNSIGNED   ; Untyped                  ;
; LPM_PIPELINE                                   ; 0          ; Untyped                  ;
; LATENCY                                        ; 0          ; Untyped                  ;
; INPUT_A_IS_CONSTANT                            ; NO         ; Untyped                  ;
; INPUT_B_IS_CONSTANT                            ; YES        ; Untyped                  ;
; USE_EAB                                        ; OFF        ; Untyped                  ;
; MAXIMIZE_SPEED                                 ; 5          ; Untyped                  ;
; DEVICE_FAMILY                                  ; Cyclone II ; Untyped                  ;
; CARRY_CHAIN                                    ; MANUAL     ; Untyped                  ;
; APEX20K_TECHNOLOGY_MAPPER                      ; LUT        ; TECH_MAPPER_APEX20K      ;
; DEDICATED_MULTIPLIER_CIRCUITRY                 ; AUTO       ; Untyped                  ;
; DEDICATED_MULTIPLIER_MIN_INPUT_WIDTH_FOR_AUTO  ; 0          ; Untyped                  ;
; DEDICATED_MULTIPLIER_MIN_OUTPUT_WIDTH_FOR_AUTO ; 0          ; Untyped                  ;
; CBXI_PARAMETER                                 ; NOTHING    ; Untyped                  ;
; INPUT_A_FIXED_VALUE                            ; Bx         ; Untyped                  ;
; INPUT_B_FIXED_VALUE                            ; Bx         ; Untyped                  ;
; USE_AHDL_IMPLEMENTATION                        ; OFF        ; Untyped                  ;
+------------------------------------------------+------------+--------------------------+
Note: In order to hide this table in the UI and the text report file, please set the "Show Parameter Settings Tables in Synthesis Report" option in "Analysis and Synthesis Settings -> More Settings" to "Off".


+-------------------------------------------------------------------------------+
; lpm_mult Parameter Settings by Entity Instance                                ;
+---------------------------------------+---------------------------------------+
; Name                                  ; Value                                 ;
+---------------------------------------+---------------------------------------+
; Number of entity instances            ; 1                                     ;
; Entity Instance                       ; Servo_Driver:turntable|lpm_mult:Mult0 ;
;     -- LPM_WIDTHA                     ; 8                                     ;
;     -- LPM_WIDTHB                     ; 9                                     ;
;     -- LPM_WIDTHP                     ; 17                                    ;
;     -- LPM_REPRESENTATION             ; UNSIGNED                              ;
;     -- INPUT_A_IS_CONSTANT            ; NO                                    ;
;     -- INPUT_B_IS_CONSTANT            ; YES                                   ;
;     -- USE_EAB                        ; OFF                                   ;
;     -- DEDICATED_MULTIPLIER_CIRCUITRY ; AUTO                                  ;
;     -- INPUT_A_FIXED_VALUE            ; Bx                                    ;
;     -- INPUT_B_FIXED_VALUE            ; Bx                                    ;
+---------------------------------------+---------------------------------------+


+-------------------------------+
; Analysis & Synthesis Messages ;
+-------------------------------+
Info: *******************************************************************
Info: Running Quartus II Analysis & Synthesis
    Info: Version 9.1 Build 350 03/24/2010 Service Pack 2 SJ Web Edition
    Info: Processing started: Sun Feb 17 22:52:52 2019
Info: Command: quartus_map --read_settings_files=on --write_settings_files=off FPGA_Main -c FPGA_Main
Info: Found 1 design units, including 1 entities, in source file servo_driver.v
    Info: Found entity 1: Servo_Driver
Info: Found 1 design units, including 1 entities, in source file instruction_set.v
    Info: Found entity 1: Instruction_Set
Info: Found 1 design units, including 1 entities, in source file fpga_main_backup.v
    Info: Found entity 1: FPGA_Main_Backup
Info: Found 1 design units, including 1 entities, in source file fpga_main.v
    Info: Found entity 1: FPGA_Main
Warning (10227): Verilog HDL Port Declaration warning at FPGA_Main_Backup.v(12): data type declaration for "mbed_data" declares packed dimensions but the port declaration declaration does not
Info (10499): HDL info at FPGA_Main_Backup.v(3): see declaration for object "mbed_data"
Critical Warning (10846): Verilog HDL Instantiation warning at FPGA_Main_Backup.v(20): instance has no name
Critical Warning (10846): Verilog HDL Instantiation warning at FPGA_Main.v(11): instance has no name
Info: Elaborating entity "FPGA_Main" for the top level hierarchy
Info: Elaborating entity "Instruction_Set" for hierarchy "Instruction_Set:comb_3"
Warning (10230): Verilog HDL assignment warning at Instruction_Set.v(42): truncated value with size 32 to match size of target (4)
Info: Elaborating entity "Servo_Driver" for hierarchy "Servo_Driver:turntable"
Warning (10230): Verilog HDL assignment warning at Servo_Driver.v(17): truncated value with size 32 to match size of target (17)
Warning (10230): Verilog HDL assignment warning at Servo_Driver.v(24): truncated value with size 32 to match size of target (20)
Info: Inferred 1 megafunctions from design logic
    Info: Inferred multiplier megafunction ("lpm_mult") from the following logic: "Servo_Driver:turntable|Mult0"
Info: Elaborated megafunction instantiation "Servo_Driver:turntable|lpm_mult:Mult0"
Info: Instantiated megafunction "Servo_Driver:turntable|lpm_mult:Mult0" with the following parameter:
    Info: Parameter "LPM_WIDTHA" = "8"
    Info: Parameter "LPM_WIDTHB" = "9"
    Info: Parameter "LPM_WIDTHP" = "17"
    Info: Parameter "LPM_WIDTHR" = "17"
    Info: Parameter "LPM_WIDTHS" = "1"
    Info: Parameter "LPM_REPRESENTATION" = "UNSIGNED"
    Info: Parameter "INPUT_A_IS_CONSTANT" = "NO"
    Info: Parameter "INPUT_B_IS_CONSTANT" = "YES"
    Info: Parameter "MAXIMIZE_SPEED" = "5"
Info: Elaborated megafunction instantiation "Servo_Driver:turntable|lpm_mult:Mult0|multcore:mult_core", which is child of megafunction instantiation "Servo_Driver:turntable|lpm_mult:Mult0"
Info: Elaborated megafunction instantiation "Servo_Driver:turntable|lpm_mult:Mult0|multcore:mult_core|mpar_add:padder", which is child of megafunction instantiation "Servo_Driver:turntable|lpm_mult:Mult0"
Info: Elaborated megafunction instantiation "Servo_Driver:turntable|lpm_mult:Mult0|multcore:mult_core|mpar_add:padder|lpm_add_sub:adder[0]", which is child of megafunction instantiation "Servo_Driver:turntable|lpm_mult:Mult0"
Info: Found 1 design units, including 1 entities, in source file db/add_sub_4ch.tdf
    Info: Found entity 1: add_sub_4ch
Info: Elaborated megafunction instantiation "Servo_Driver:turntable|lpm_mult:Mult0|altshift:external_latency_ffs", which is child of megafunction instantiation "Servo_Driver:turntable|lpm_mult:Mult0"
Info: Implemented 170 device resources after synthesis - the final resource count might be different
    Info: Implemented 4 input pins
    Info: Implemented 16 output pins
    Info: Implemented 150 logic cells
Info: Quartus II Analysis & Synthesis was successful. 0 errors, 6 warnings
    Info: Peak virtual memory: 246 megabytes
    Info: Processing ended: Sun Feb 17 22:52:53 2019
    Info: Elapsed time: 00:00:01
    Info: Total CPU time (on all processors): 00:00:02


